<?xml version="1.0" encoding="UTF-8"?>
<!-- Generated by org.testng.reporters.JUnitReportReporter -->
<testsuite hostname="lenilson-Latitude-3540" name="br.com.easytaxi.tests.RegisterTest" tests="1" failures="0" timestamp="24 Oct 2016 15:39:34 GMT" time="35.795" errors="0">
  <testcase name="registerValidUser" time="35.795" classname="br.com.easytaxi.tests.RegisterTest"/>
</testsuite> <!-- br.com.easytaxi.tests.RegisterTest -->
