<?xml version="1.0" encoding="UTF-8"?>
<!-- Generated by org.testng.reporters.JUnitReportReporter -->
<testsuite hostname="lenilson-Latitude-3540" name="br.com.easytaxi.tests.PromotionTest" tests="1" failures="0" timestamp="3 Oct 2016 14:12:54 GMT" time="51.250" errors="0">
  <testcase name="checkPromotion" time="51.250" classname="br.com.easytaxi.tests.PromotionTest"/>
</testsuite> <!-- br.com.easytaxi.tests.PromotionTest -->
