<?xml version="1.0" encoding="UTF-8"?>
<!-- Generated by org.testng.reporters.JUnitReportReporter -->
<testsuite hostname="lenilson-Latitude-3540" name="br.com.easytaxi.tests.SignOutTest" tests="1" failures="0" timestamp="24 Oct 2016 15:20:20 GMT" time="40.264" errors="0">
  <testcase name="checkSignOutTest" time="40.264" classname="br.com.easytaxi.tests.SignOutTest"/>
</testsuite> <!-- br.com.easytaxi.tests.SignOutTest -->
