<?xml version="1.0" encoding="UTF-8"?>
<!-- Generated by org.testng.reporters.JUnitReportReporter -->
<testsuite hostname="lenilson-Latitude-3540" name="br.com.easytaxi.tests.RegisterCard" tests="1" failures="0" timestamp="18 Nov 2016 20:06:11 GMT" time="70.929" errors="0">
  <testcase name="selectVisaCheckout" time="70.929" classname="br.com.easytaxi.tests.RegisterCard"/>
</testsuite> <!-- br.com.easytaxi.tests.RegisterCard -->
