<?xml version="1.0" encoding="UTF-8"?>
<!-- Generated by org.testng.reporters.JUnitReportReporter -->
<testsuite hostname="lenilson-Latitude-3540" name="br.com.easytaxi.tests.ShareTest" tests="1" failures="0" timestamp="31 Oct 2016 19:25:20 GMT" time="79.066" errors="0">
  <testcase name="checkShare" time="79.066" classname="br.com.easytaxi.tests.ShareTest"/>
</testsuite> <!-- br.com.easytaxi.tests.ShareTest -->
