<?xml version="1.0" encoding="UTF-8"?>
<!-- Generated by org.testng.reporters.JUnitReportReporter -->
<testsuite hostname="lenilson-Latitude-3540" name="br.com.easytaxi.tests.ProfileTest" tests="1" failures="0" timestamp="31 Oct 2016 18:16:50 GMT" time="80.724" errors="0">
  <testcase name="editProfileName" time="80.724" classname="br.com.easytaxi.tests.ProfileTest"/>
</testsuite> <!-- br.com.easytaxi.tests.ProfileTest -->
